<?xml version="1.0" encoding="UTF-8"?>
<!-- Generated by org.testng.reporters.JUnitXMLReporter -->
<testsuite ignored="0" hostname="DESKTOP-KV5U899" failures="1" tests="8" name="Test" time="702.839" errors="0" timestamp="2024-12-09T18:25:48 IST">
  <testcase classname="test.ProductSearchTest" name="VerifyIfUserIsAbleToSearchInalidProduct" time="17.097"/>
  <testcase classname="test.ProductSearchTest" name="VerifyIfUserIsAbleToSearchValidProduct" time="9.741"/>
  <testcase classname="test.ProductDetailViewTest" name="VerifyAddProductToCartUsingProductDetailPage" time="92.328"/>
  <testcase classname="test.ProductDetailViewTest" name="VerifyIfProdutDetailsAreCorrectIfViewInQuickView" time="5.582"/>
  <testcase classname="test.ShoppingCategoriesTest" name="VerifyOnClickingShoppingCategories" time="10.463">
    <failure type="org.openqa.selenium.ElementNotInteractableException" message="element not interactable
  (Session info: chrome=131.0.6778.109)
Build info: version: &amp;apos;4.27.0&amp;apos;, revision: &amp;apos;d6e718d134&amp;apos;
System info: os.name: &amp;apos;Windows 11&amp;apos;, os.arch: &amp;apos;amd64&amp;apos;, os.version: &amp;apos;10.0&amp;apos;, java.version: &amp;apos;22.0.1&amp;apos;
Driver info: org.openqa.selenium.chrome.ChromeDriver
Command: [6a94eb30a5c701f0f61c5273a56be76b, clickElement {id=f.72426E1E05ADEBC2FA6097F704AF5AD2.d.5F8A5F97CCF2EB7C5BB772848D6ED99A.e.53}]
Capabilities {acceptInsecureCerts: false, browserName: chrome, browserVersion: 131.0.6778.109, chrome: {chromedriverVersion: 131.0.6778.87 (ce31cae94873..., userDataDir: C:\Users\prati\AppData\Loca...}, fedcm:accounts: true, goog:chromeOptions: {debuggerAddress: localhost:64059}, networkConnectionEnabled: false, pageLoadStrategy: normal, platformName: windows, proxy: Proxy(), se:cdp: ws://localhost:64059/devtoo..., se:cdpVersion: 131.0.6778.109, setWindowRect: true, strictFileInteractability: false, timeouts: {implicit: 0, pageLoad: 300000, script: 30000}, unhandledPromptBehavior: dismiss and notify, webauthn:extension:credBlob: true, webauthn:extension:largeBlob: true, webauthn:extension:minPinLength: true, webauthn:extension:prf: true, webauthn:virtualAuthenticators: true}
Element: [[ChromeDriver: chrome on windows (6a94eb30a5c701f0f61c5273a56be76b)] -&amp;gt; xpath: (//a[text()=&amp;apos;Smartphones&amp;apos;])[1]]
Session ID: 6a94eb30a5c701f0f61c5273a56be76b">
      <![CDATA[org.openqa.selenium.ElementNotInteractableException: element not interactable
  (Session info: chrome=131.0.6778.109)
Build info: version: '4.27.0', revision: 'd6e718d134'
System info: os.name: 'Windows 11', os.arch: 'amd64', os.version: '10.0', java.version: '22.0.1'
Driver info: org.openqa.selenium.chrome.ChromeDriver
Command: [6a94eb30a5c701f0f61c5273a56be76b, clickElement {id=f.72426E1E05ADEBC2FA6097F704AF5AD2.d.5F8A5F97CCF2EB7C5BB772848D6ED99A.e.53}]
Capabilities {acceptInsecureCerts: false, browserName: chrome, browserVersion: 131.0.6778.109, chrome: {chromedriverVersion: 131.0.6778.87 (ce31cae94873..., userDataDir: C:\Users\prati\AppData\Loca...}, fedcm:accounts: true, goog:chromeOptions: {debuggerAddress: localhost:64059}, networkConnectionEnabled: false, pageLoadStrategy: normal, platformName: windows, proxy: Proxy(), se:cdp: ws://localhost:64059/devtoo..., se:cdpVersion: 131.0.6778.109, setWindowRect: true, strictFileInteractability: false, timeouts: {implicit: 0, pageLoad: 300000, script: 30000}, unhandledPromptBehavior: dismiss and notify, webauthn:extension:credBlob: true, webauthn:extension:largeBlob: true, webauthn:extension:minPinLength: true, webauthn:extension:prf: true, webauthn:virtualAuthenticators: true}
Element: [[ChromeDriver: chrome on windows (6a94eb30a5c701f0f61c5273a56be76b)] -> xpath: (//a[text()='Smartphones'])[1]]
Session ID: 6a94eb30a5c701f0f61c5273a56be76b
at org.openqa.selenium.remote.ErrorCodec.decode(ErrorCodec.java:167)
at org.openqa.selenium.remote.codec.w3c.W3CHttpResponseCodec.decode(W3CHttpResponseCodec.java:138)
at org.openqa.selenium.remote.codec.w3c.W3CHttpResponseCodec.decode(W3CHttpResponseCodec.java:50)
at org.openqa.selenium.remote.HttpCommandExecutor.execute(HttpCommandExecutor.java:190)
at org.openqa.selenium.remote.service.DriverCommandExecutor.invokeExecute(DriverCommandExecutor.java:216)
at org.openqa.selenium.remote.service.DriverCommandExecutor.execute(DriverCommandExecutor.java:174)
at org.openqa.selenium.remote.RemoteWebDriver.execute(RemoteWebDriver.java:545)
at org.openqa.selenium.remote.RemoteWebElement.execute(RemoteWebElement.java:223)
at org.openqa.selenium.remote.RemoteWebElement.click(RemoteWebElement.java:76)
at org.openqa.selenium.support.pagefactory.internal.LocatingElementHandler.invoke(LocatingElementHandler.java:51)
at jdk.proxy2/jdk.proxy2.$Proxy14.click(Unknown Source)
at pom.ShoppingCategoiesPage.clickOnSmartPhone(ShoppingCategoiesPage.java:38)
at test.ShoppingCategoriesTest.VerifyOnClickingShoppingCategories(ShoppingCategoriesTest.java:28)
at java.base/java.util.ArrayList.forEach(ArrayList.java:1597)
... Removed 30 stack frames]]>
    </failure>
  </testcase> <!-- VerifyOnClickingShoppingCategories -->
  <testcase classname="test.AddProductToCart" name="VerifyRemoveAproductFromCartList" time="39.683"/>
  <testcase classname="test.AddProductToCart" name="verifyAddingMultipleProductToCart" time="36.767"/>
  <testcase classname="test.AddProductToCart" name="verifyAddproductToCartUsingProductDetailPage" time="49.357"/>
</testsuite> <!-- Test -->
